<?xml version="1.0" encoding="utf-8"?><testsuites><testsuite errors="0" failures="0" hostname="weill" name="pytest" skipped="0" tests="148" time="71.449" timestamp="2020-10-24T14:52:28.497473"><testcase classname="src.auth_http_test" name="test_auth_register" time="1.366"></testcase><testcase classname="src.auth_http_test" name="test_register_invalid_email_format" time="1.110"></testcase><testcase classname="src.auth_http_test" name="test_register_invalid_email_repetition" time="1.140"></testcase><testcase classname="src.auth_http_test" name="test_register_invalid_password" time="1.120"></testcase><testcase classname="src.auth_http_test" name="test_register_invalid_name_first_short" time="1.100"></testcase><testcase classname="src.auth_http_test" name="test_register_invalid_name_first_long" time="1.138"></testcase><testcase classname="src.auth_http_test" name="test_register_invalid_name_last_short" time="1.294"></testcase><testcase classname="src.auth_http_test" name="test_register_invalid_name_last_long" time="1.348"></testcase><testcase classname="src.auth_http_test" name="test_login_valid_email" time="1.283"></testcase><testcase classname="src.auth_http_test" name="test_login_belongs_to_user" time="1.179"></testcase><testcase classname="src.auth_http_test" name="test_login_incorrect_password" time="1.158"></testcase><testcase classname="src.auth_http_test" name="test_login_return_correct_id_and_token" time="1.179"></testcase><testcase classname="src.auth_http_test" name="test_logout_valid" time="1.140"></testcase><testcase classname="src.auth_http_test" name="test_logout_invalid01" time="1.127"></testcase><testcase classname="src.auth_http_test" name="test_logout_invalid02" time="1.123"></testcase><testcase classname="src.auth_test" name="test_register_regular01" time="0.003"></testcase><testcase classname="src.auth_test" name="test_register_invalid_email_format" time="0.001"></testcase><testcase classname="src.auth_test" name="test_register_invalid_email_repetition" time="0.001"></testcase><testcase classname="src.auth_test" name="test_register_invalid_password" time="0.001"></testcase><testcase classname="src.auth_test" name="test_register_invalid_name_first_short" time="0.001"></testcase><testcase classname="src.auth_test" name="test_register_invalid_name_first_long" time="0.001"></testcase><testcase classname="src.auth_test" name="test_register_invalid_name_last_short" time="0.001"></testcase><testcase classname="src.auth_test" name="test_register_invalid_name_last_long" time="0.001"></testcase><testcase classname="src.auth_test" name="test_logout_valid" time="0.001"></testcase><testcase classname="src.auth_test" name="test_logout_invalid01" time="0.001"></testcase><testcase classname="src.auth_test" name="test_logout_invalid02" time="0.001"></testcase><testcase classname="src.auth_test" name="test_login_valid_email" time="0.001"></testcase><testcase classname="src.auth_test" name="test_login_belongs_to_user" time="0.001"></testcase><testcase classname="src.auth_test" name="test_login_incorrect_password" time="0.001"></testcase><testcase classname="src.auth_test" name="test_login_return_correct_id_and_token" time="0.002"></testcase><testcase classname="src.channel_http_test" name="test_channel_invite" time="1.131"></testcase><testcase classname="src.channel_http_test" name="test_channel_details" time="1.135"></testcase><testcase classname="src.channel_http_test" name="test_channel_leave" time="1.153"></testcase><testcase classname="src.channel_http_test" name="test_channel_join" time="1.181"></testcase><testcase classname="src.channel_http_test" name="test_channel_addowner" time="1.170"></testcase><testcase classname="src.channel_http_test" name="test_channel_removeowner" time="1.164"></testcase><testcase classname="src.channel_test" name="test_channel_invite" time="0.003"></testcase><testcase classname="src.channel_test" name="test_channel_details" time="0.002"></testcase><testcase classname="src.channel_test" name="test_channel_message" time="0.002"></testcase><testcase classname="src.channel_test" name="test_channel_message_end_not_equal_to_minus1" time="0.012"></testcase><testcase classname="src.channel_test" name="test_channel_leave" time="0.002"></testcase><testcase classname="src.channel_test" name="test_channel_join" time="0.002"></testcase><testcase classname="src.channel_test" name="test_channel_addowner" time="0.002"></testcase><testcase classname="src.channel_test" name="test_channel_removeowner" time="0.003"></testcase><testcase classname="src.channel_white-box_test" name="test_channel_addowner_uid_invalid" time="0.001"></testcase><testcase classname="src.channel_white-box_test" name="test_channel_removeowner_uid_invalid" time="0.001"></testcase><testcase classname="src.channels_http_test" name="test_channels_create_invalid" time="1.117"></testcase><testcase classname="src.channels_http_test" name="test_channels_create_normal" time="1.125"></testcase><testcase classname="src.channels_test" name="test_channels_list" time="0.003"></testcase><testcase classname="src.channels_test" name="test_channels_listall" time="0.002"></testcase><testcase classname="src.channels_test" name="test_channels_create" time="0.002"></testcase><testcase classname="src.echo_http_test" name="test_echo" time="1.106"></testcase><testcase classname="src.echo_test" name="test_echo" time="0.001"></testcase><testcase classname="src.echo_test" name="test_echo_except" time="0.001"></testcase><testcase classname="src.helper_test" name="test_check_name_first_long" time="0.002"></testcase><testcase classname="src.helper_test" name="test_check_name_first_short" time="0.001"></testcase><testcase classname="src.helper_test" name="test_check_name_last_long" time="0.001"></testcase><testcase classname="src.helper_test" name="test_check_name_last_short" time="0.001"></testcase><testcase classname="src.helper_test" name="test_check_email_format" time="0.001"></testcase><testcase classname="src.helper_test" name="test_check_email_repeated" time="0.002"></testcase><testcase classname="src.helper_test" name="test_check_handle_invalid" time="0.001"></testcase><testcase classname="src.helper_test" name="test_check_handle_taken" time="0.001"></testcase><testcase classname="src.helper_test" name="test_password_invalid" time="0.001"></testcase><testcase classname="src.helper_test" name="test_find_channel" time="0.002"></testcase><testcase classname="src.helper_test" name="test_find_channel_invalid_channel_id" time="0.001"></testcase><testcase classname="src.helper_test" name="test_find_user" time="0.001"></testcase><testcase classname="src.helper_test" name="test_find_user_invalid_u_id" time="0.001"></testcase><testcase classname="src.helper_test" name="test_is_user_in_channel" time="0.002"></testcase><testcase classname="src.helper_test" name="test_is_user_owner" time="0.001"></testcase><testcase classname="src.helper_test" name="test_find_message" time="0.001"></testcase><testcase classname="src.helper_test" name="test_find_message_invalid_message_id" time="0.001"></testcase><testcase classname="src.helper_test" name="test_encrypt_password" time="0.001"></testcase><testcase classname="src.helper_test" name="test_capture_invalid_token" time="0.001"></testcase><testcase classname="src.helper_test" name="test_valid_token" time="0.001"></testcase><testcase classname="src.helper_test" name="test_repeated_token" time="0.001"></testcase><testcase classname="src.helper_test" name="test_invalidate_token" time="0.001"></testcase><testcase classname="src.helper_test" name="test_handle_str_large" time="0.003"></testcase><testcase classname="src.helper_test" name="test_handle_str_small" time="0.003"></testcase><testcase classname="src.message_http_test" name="test_message_send_regular1" time="1.173"></testcase><testcase classname="src.message_http_test" name="test_message_send_regular2" time="1.137"></testcase><testcase classname="src.message_http_test" name="test_message_send_message_too_long" time="1.187"></testcase><testcase classname="src.message_http_test" name="test_message_send_message_no_permission" time="1.148"></testcase><testcase classname="src.message_http_test" name="test_message_remove_regular1" time="1.227"></testcase><testcase classname="src.message_http_test" name="test_message_remove_regular_regular2" time="1.207"></testcase><testcase classname="src.message_http_test" name="test_message_remove_regular_regular3" time="1.142"></testcase><testcase classname="src.message_http_test" name="test_message_remove_messageid_not_exists" time="1.147"></testcase><testcase classname="src.message_http_test" name="test_message_remove_message_was_removed" time="1.149"></testcase><testcase classname="src.message_http_test" name="test_message_remove_message_no_permission" time="1.516"></testcase><testcase classname="src.message_http_test" name="test_message_edit_regular1" time="1.154"></testcase><testcase classname="src.message_http_test" name="test_message_edit_regular_regular2" time="1.190"></testcase><testcase classname="src.message_http_test" name="test_message_edit_regular_regular3" time="1.178"></testcase><testcase classname="src.message_http_test" name="test_message_edit_message_no_permission" time="1.143"></testcase><testcase classname="src.message_test" name="test_message_send_regular1" time="0.002"></testcase><testcase classname="src.message_test" name="test_message_send_regular2" time="0.002"></testcase><testcase classname="src.message_test" name="test_message_send_message_too_long" time="0.001"></testcase><testcase classname="src.message_test" name="test_message_send_message_no_permission" time="0.001"></testcase><testcase classname="src.message_test" name="test_message_remove_regular1" time="0.002"></testcase><testcase classname="src.message_test" name="test_message_remove_regular2" time="0.002"></testcase><testcase classname="src.message_test" name="test_message_remove_regular3" time="0.002"></testcase><testcase classname="src.message_test" name="test_message_remove_messageid_not_exists" time="0.001"></testcase><testcase classname="src.message_test" name="test_message_remove_message_was_removed" time="0.001"></testcase><testcase classname="src.message_test" name="test_message_remove_message_no_permission" time="0.002"></testcase><testcase classname="src.message_test" name="test_message_edit_regular1" time="0.002"></testcase><testcase classname="src.message_test" name="test_message_edit_regular2" time="0.002"></testcase><testcase classname="src.message_test" name="test_message_edit_regular3" time="0.002"></testcase><testcase classname="src.message_test" name="test_message_edit_message_no_permission" time="0.002"></testcase><testcase classname="src.other_http_test" name="test_clear" time="1.132"></testcase><testcase classname="src.other_http_test" name="test_users_all" time="1.099"></testcase><testcase classname="src.other_http_test" name="test_admin_userpermission_change" time="1.130"></testcase><testcase classname="src.other_http_test" name="test_search" time="1.114"></testcase><testcase classname="src.other_test" name="test_clear" time="0.002"></testcase><testcase classname="src.other_test" name="test_users_all" time="0.001"></testcase><testcase classname="src.other_test" name="test_admin_userpermission_change" time="0.002"></testcase><testcase classname="src.other_test" name="test_search" time="0.002"></testcase><testcase classname="src.user_http_test" name="test_http_user_profile" time="1.123"></testcase><testcase classname="src.user_http_test" name="test_http_user_profile_invalid" time="1.118"></testcase><testcase classname="src.user_http_test" name="test_http_user_profile_invalid_token" time="1.372"></testcase><testcase classname="src.user_http_test" name="test_http_user_profile_setname" time="1.248"></testcase><testcase classname="src.user_http_test" name="test_http_user_profile_setname_invalid_first_short" time="1.215"></testcase><testcase classname="src.user_http_test" name="test_http_user_profile_setname_invalid_first_long" time="1.140"></testcase><testcase classname="src.user_http_test" name="test_http_user_profile_setname_invalid_last_short" time="1.341"></testcase><testcase classname="src.user_http_test" name="test_http_user_profile_setname_invalid_last_long" time="1.254"></testcase><testcase classname="src.user_http_test" name="test_http_user_profile_setname_invalid_token" time="1.204"></testcase><testcase classname="src.user_http_test" name="test_http_user_profile_setemail" time="1.284"></testcase><testcase classname="src.user_http_test" name="test_http_user_profile_setemail_invalid" time="1.221"></testcase><testcase classname="src.user_http_test" name="test_http_user_profile_setemail_invalid_token" time="1.141"></testcase><testcase classname="src.user_http_test" name="test_http_user_profile_sethandle" time="1.141"></testcase><testcase classname="src.user_http_test" name="test_http_user_profile_sethandle_invalid_short" time="1.132"></testcase><testcase classname="src.user_http_test" name="test_http_user_profile_sethandle_invalid_long" time="1.175"></testcase><testcase classname="src.user_http_test" name="test_http_user_profile_sethandle_invalid_repeated" time="1.130"></testcase><testcase classname="src.user_http_test" name="test_http_user_profile_sethandle_invalid_token" time="1.106"></testcase><testcase classname="src.user_test" name="test_profile_regular_single" time="0.002"></testcase><testcase classname="src.user_test" name="test_profile_regular_multiple" time="0.001"></testcase><testcase classname="src.user_test" name="test_profile_invalid_u_id" time="0.001"></testcase><testcase classname="src.user_test" name="test_profile_invalid_token" time="0.001"></testcase><testcase classname="src.user_test" name="test_setname_first_name" time="0.002"></testcase><testcase classname="src.user_test" name="test_setname_first_name_invalid" time="0.001"></testcase><testcase classname="src.user_test" name="test_setname_last_name" time="0.002"></testcase><testcase classname="src.user_test" name="test_setname_last_name_invalid" time="0.001"></testcase><testcase classname="src.user_test" name="test_profile_setname_invalid_token" time="0.001"></testcase><testcase classname="src.user_test" name="test_setemail" time="0.002"></testcase><testcase classname="src.user_test" name="test_setemail_invalid" time="0.001"></testcase><testcase classname="src.user_test" name="test_profile_setemail_invalid_token" time="0.001"></testcase><testcase classname="src.user_test" name="test_profile_sethandle_regular" time="0.002"></testcase><testcase classname="src.user_test" name="test_profile_sethandle_handle_too_long" time="0.001"></testcase><testcase classname="src.user_test" name="test_profile_sethandle_handle_too_short" time="0.001"></testcase><testcase classname="src.user_test" name="test_profile_sethandle_handle_repeated" time="0.001"></testcase><testcase classname="src.user_test" name="test_profile_sethandle_invalid_token" time="0.001"></testcase></testsuite></testsuites>